<?xml version="1.0" encoding="UTF-8"?>
<testng-results ignored="0" total="2" passed="2" failed="0" skipped="0">
  <reporter-output>
  </reporter-output>
  <suite started-at="2023-11-29T23:25:32 EET" name="Default suite" finished-at="2023-11-29T23:25:36 EET" duration-ms="4611">
    <groups>
    </groups>
    <test started-at="2023-11-29T23:25:32 EET" name="Default test" finished-at="2023-11-29T23:25:36 EET" duration-ms="4611">
      <class name="assignments.Assignment_01">
        <test-method is-config="true" signature="setUp()[pri:0, instance:assignments.Assignment_01@62fe6067]" started-at="2023-11-29T23:25:32 EET" name="setUp" finished-at="2023-11-29T23:25:33 EET" duration-ms="1023" status="PASS">
          <reporter-output>
          </reporter-output>
        </test-method> <!-- setUp -->
        <test-method signature="loginTest()[pri:1, instance:assignments.Assignment_01@62fe6067]" started-at="2023-11-29T23:25:33 EET" name="loginTest" finished-at="2023-11-29T23:25:36 EET" duration-ms="3218" status="PASS">
          <reporter-output>
          </reporter-output>
        </test-method> <!-- loginTest -->
        <test-method signature="addToCartProcess()[pri:2, instance:assignments.Assignment_01@62fe6067]" started-at="2023-11-29T23:25:36 EET" name="addToCartProcess" finished-at="2023-11-29T23:25:36 EET" duration-ms="267" status="PASS">
          <reporter-output>
          </reporter-output>
        </test-method> <!-- addToCartProcess -->
        <test-method is-config="true" signature="afterTest()[pri:0, instance:assignments.Assignment_01@62fe6067]" started-at="2023-11-29T23:25:36 EET" name="afterTest" finished-at="2023-11-29T23:25:36 EET" duration-ms="77" status="PASS">
          <reporter-output>
          </reporter-output>
        </test-method> <!-- afterTest -->
      </class> <!-- assignments.Assignment_01 -->
    </test> <!-- Default test -->
  </suite> <!-- Default suite -->
</testng-results>
